<?xml version="1.0" encoding="UTF-8"?>
<!-- Generated by org.testng.reporters.JUnitReportReporter -->
<testsuite hostname="Harry" failures="0" tests="1" name="test_Script_Shopperstack.TC_KIDS_001" time="14.743" errors="0" timestamp="2023-08-01T10:57:45 IST" skipped="0">
  <testcase classname="test_Script_Shopperstack.TC_KIDS_001" name="tc_kids_001" time="14.743"/>
  <system-out/>
</testsuite> <!-- test_Script_Shopperstack.TC_KIDS_001 -->
