<?xml version="1.0" encoding="UTF-8"?>
<!-- Generated by org.testng.reporters.JUnitReportReporter -->
<testsuite hostname="Harry" failures="0" tests="1" name="TestScript_OFOS.TC004RemoveOrderedDish_FromCart" time="9.006" errors="0" timestamp="2023-08-03T14:31:53 IST" skipped="0">
  <testcase classname="TestScript_OFOS.TC004RemoveOrderedDish_FromCart" name="removeOrderedDish" time="9.006"/>
  <system-out/>
</testsuite> <!-- TestScript_OFOS.TC004RemoveOrderedDish_FromCart -->
