<?xml version="1.0" encoding="UTF-8"?>
<!-- Generated by org.testng.reporters.JUnitReportReporter -->
<testsuite hostname="Harry" failures="0" tests="1" name="TestScript_OFOS.TC001_VerifyRegister" time="4.634" errors="0" timestamp="2023-08-03T16:51:13 IST" skipped="0">
  <testcase classname="TestScript_OFOS.TC001_VerifyRegister" name="verifyRegister" time="4.634"/>
  <system-out>
    <![CDATA[Register Sucess Completed]]>
  </system-out>
</testsuite> <!-- TestScript_OFOS.TC001_VerifyRegister -->
