<?xml version="1.0" encoding="UTF-8"?>
<!-- Generated by org.testng.reporters.JUnitReportReporter -->
<testsuite hostname="Harry" failures="0" tests="1" name="TestScript_OFOS.TC013_OrderAmericanDishThrough_RestrauntFeature" time="9.910" errors="0" timestamp="2023-08-05T12:53:03 IST" skipped="0">
  <testcase classname="TestScript_OFOS.TC013_OrderAmericanDishThrough_RestrauntFeature" name="OrderItalianDishThrough_RestrauntFeature" time="9.910"/>
  <system-out/>
</testsuite> <!-- TestScript_OFOS.TC013_OrderAmericanDishThrough_RestrauntFeature -->
