<?xml version="1.0" encoding="UTF-8"?>
<!-- Generated by org.testng.reporters.JUnitReportReporter -->
<testsuite hostname="Harry" failures="0" tests="1" name="TestScript_OFOS.TC006_VerifyPriceOfDish_afterOrder" time="6.189" errors="0" timestamp="2023-08-03T17:23:00 IST" skipped="0">
  <testcase classname="TestScript_OFOS.TC006_VerifyPriceOfDish_afterOrder" name="VerifyPrice" time="6.189"/>
  <system-out/>
</testsuite> <!-- TestScript_OFOS.TC006_VerifyPriceOfDish_afterOrder -->
