<?xml version="1.0" encoding="UTF-8"?>
<!-- Generated by org.testng.reporters.JUnitReportReporter -->
<testsuite hostname="Harry" failures="0" tests="1" name="test_Scripts.FuntionalityTest" time="0.072" errors="0" timestamp="2023-06-27T10:22:13 IST" skipped="0">
  <testcase classname="test_Scripts.FuntionalityTest" name="test" time="0.072"/>
  <system-out/>
</testsuite> <!-- test_Scripts.FuntionalityTest -->
