<?xml version="1.0" encoding="UTF-8"?>
<!-- Generated by org.testng.reporters.JUnitReportReporter -->
<testsuite hostname="Harry" failures="0" tests="1" name="TestScript_OFOS.TC007AddMultilpe_DishToCart" time="6.780" errors="0" timestamp="2023-08-04T15:34:06 IST" skipped="0">
  <testcase classname="TestScript_OFOS.TC007AddMultilpe_DishToCart" name="AddMultilpeDishToCart" time="6.780"/>
  <system-out/>
</testsuite> <!-- TestScript_OFOS.TC007AddMultilpe_DishToCart -->
