<?xml version="1.0" encoding="UTF-8"?>
<!-- Generated by org.testng.reporters.JUnitReportReporter -->
<testsuite hostname="Harry" failures="0" tests="1" name="test_Script_Shopperstack.TC_KIDS_004" time="0.000" errors="0" timestamp="2023-06-30T10:08:05 IST" skipped="0">
  <testcase classname="test_Script_Shopperstack.TC_KIDS_004" name="TC_KIDS_004" time="0.000"/>
  <system-out/>
</testsuite> <!-- test_Script_Shopperstack.TC_KIDS_004 -->
