<?xml version="1.0" encoding="UTF-8"?>
<!-- Generated by org.testng.reporters.JUnitReportReporter -->
<testsuite hostname="Harry" failures="0" tests="1" name="TestScript_OFOS.TC003_OrderFood" time="4.731" errors="0" timestamp="2023-08-02T17:22:07 IST" skipped="0">
  <testcase classname="TestScript_OFOS.TC003_OrderFood" name="orderfood" time="4.731"/>
  <system-out/>
</testsuite> <!-- TestScript_OFOS.TC003_OrderFood -->
