<?xml version="1.0" encoding="UTF-8"?>
<!-- Generated by org.testng.reporters.JUnitReportReporter -->
<testsuite hostname="Harry" failures="0" tests="1" name="TestScript_OFOS.TC011_ViewAll_FeaturedRestraunt" time="3.659" errors="0" timestamp="2023-08-05T12:24:10 IST" skipped="0">
  <testcase classname="TestScript_OFOS.TC011_ViewAll_FeaturedRestraunt" name="ViewAll_FeaturedRestraunt" time="3.659"/>
  <system-out/>
</testsuite> <!-- TestScript_OFOS.TC011_ViewAll_FeaturedRestraunt -->
