<?xml version="1.0" encoding="UTF-8"?>
<!-- Generated by org.testng.reporters.JUnitReportReporter -->
<testsuite hostname="Harry" failures="0" tests="1" name="TestScript_OFOS.TC003_OrderDishToCart" time="8.907" errors="0" timestamp="2023-08-03T16:32:57 IST" skipped="0">
  <testcase classname="TestScript_OFOS.TC003_OrderDishToCart" name="orderfood" time="8.907"/>
  <system-out/>
</testsuite> <!-- TestScript_OFOS.TC003_OrderDishToCart -->
