<?xml version="1.0" encoding="UTF-8"?>
<!-- Generated by org.testng.reporters.JUnitReportReporter -->
<testsuite hostname="Harry" failures="0" tests="1" name="test_Script_Shopperstack.TC_KIDS_005" time="0.003" errors="0" timestamp="2023-06-27T12:48:25 IST" skipped="0">
  <testcase classname="test_Script_Shopperstack.TC_KIDS_005" name="TC_KIDS_005" time="0.003"/>
  <system-out/>
</testsuite> <!-- test_Script_Shopperstack.TC_KIDS_005 -->
