<?xml version="1.0" encoding="UTF-8"?>
<!-- Generated by org.testng.reporters.JUnitReportReporter -->
<testsuite hostname="Harry" failures="0" tests="1" name="TestScript_OFOS.TC004RecentLastOrderedDish_FromCart" time="9.388" errors="0" timestamp="2023-08-03T15:05:28 IST" skipped="0">
  <testcase classname="TestScript_OFOS.TC004RecentLastOrderedDish_FromCart" name="removeOrderedDish" time="9.388"/>
  <system-out/>
</testsuite> <!-- TestScript_OFOS.TC004RecentLastOrderedDish_FromCart -->
