<?xml version="1.0" encoding="UTF-8"?>
<!-- Generated by org.testng.reporters.JUnitReportReporter -->
<testsuite hostname="Harry" failures="0" tests="1" name="TestScript_OFOS.TC003_OrderDishToCartFromHome" time="11.309" errors="0" timestamp="2023-08-04T10:03:39 IST" skipped="0">
  <testcase classname="TestScript_OFOS.TC003_OrderDishToCartFromHome" name="orderfood" time="11.309"/>
  <system-out/>
</testsuite> <!-- TestScript_OFOS.TC003_OrderDishToCartFromHome -->
