<?xml version="1.0" encoding="UTF-8"?>
<!-- Generated by org.testng.reporters.JUnitReportReporter -->
<testsuite hostname="Harry" failures="0" tests="1" name="TestScript_OFOS.TC012_OrderItalianDishThrough_RestrauntFeature" time="7.838" errors="0" timestamp="2023-08-05T12:43:28 IST" skipped="0">
  <testcase classname="TestScript_OFOS.TC012_OrderItalianDishThrough_RestrauntFeature" name="OrderItalianDishThrough_RestrauntFeature" time="7.838"/>
  <system-out/>
</testsuite> <!-- TestScript_OFOS.TC012_OrderItalianDishThrough_RestrauntFeature -->
