<?xml version="1.0" encoding="UTF-8"?>
<!-- Generated by org.testng.reporters.JUnitReportReporter -->
<testsuite hostname="Harry" failures="0" tests="1" name="TestScript_OFOS.TC006_VerifyPrice" time="4.198" errors="0" timestamp="2023-08-03T16:45:37 IST" skipped="0">
  <testcase classname="TestScript_OFOS.TC006_VerifyPrice" name="orderfood" time="4.198"/>
  <system-out/>
</testsuite> <!-- TestScript_OFOS.TC006_VerifyPrice -->
